-- Found ament_cmake: 0.9.12 (/opt/ros/foxy/share/ament_cmake/cmake)
-- Using PYTHON_EXECUTABLE: /home/nvidia/miniconda3/bin/python3
-- Found rclcpp: 2.4.3 (/opt/ros/foxy/share/rclcpp/cmake)
-- Using all available rosidl_typesupport_c: rosidl_typesupport_fastrtps_c;rosidl_typesupport_introspection_c
-- Found rosidl_adapter: 1.3.1 (/opt/ros/foxy/share/rosidl_adapter/cmake)
-- Found OpenSSL: /usr/lib/aarch64-linux-gnu/libcrypto.so (found version "1.1.1f")  
-- Found FastRTPS: /opt/ros/foxy/include  
-- Using all available rosidl_typesupport_cpp: rosidl_typesupport_fastrtps_cpp;rosidl_typesupport_introspection_cpp
-- Found rmw_implementation_cmake: 1.0.4 (/opt/ros/foxy/share/rmw_implementation_cmake/cmake)
-- Using RMW implementation 'rmw_fastrtps_cpp' as default
-- Looking for pthread.h
-- Looking for pthread.h - found
-- Performing Test CMAKE_HAVE_LIBC_PTHREAD
-- Performing Test CMAKE_HAVE_LIBC_PTHREAD - Failed
-- Looking for pthread_create in pthreads
-- Looking for pthread_create in pthreads - not found
-- Looking for pthread_create in pthread
-- Looking for pthread_create in pthread - found
-- Found Threads: TRUE  
-- Found rclcpp_action: 2.4.3 (/opt/ros/foxy/share/rclcpp_action/cmake)
-- Found nav2_msgs: 0.4.7 (/opt/ros/foxy/share/nav2_msgs/cmake)
-- Found nav2_bringup: 0.4.7 (/opt/ros/foxy/share/nav2_bringup/cmake)
-- Found ament_lint_auto: 0.9.8 (/opt/ros/foxy/share/ament_lint_auto/cmake)
-- Added test 'copyright' to check source files copyright and LICENSE
-- Added test 'cppcheck' to perform static code analysis on C / C++ code
-- Configured cppcheck include dirs: 
-- Configured cppcheck exclude dirs and/or files: 
-- Added test 'cpplint' to check C / C++ code against the Google style
-- Configured cpplint exclude dirs and/or files: 
-- Added test 'flake8' to check Python code syntax and style conventions
-- Added test 'lint_cmake' to check CMake code style
-- Added test 'pep257' to check Python code against some of the style conventions in PEP 257
-- Added test 'uncrustify' to check C / C++ code style
-- Configured uncrustify additional arguments: 
-- Added test 'xmllint' to check XML markup files
-- Configuring done
-- Generating done
-- Build files have been written to: /home/nvidia/nav2_ws/build/angbao_navigation2
[35m[1mScanning dependencies of target nav_to_pose[0m
[ 50%] [32mBuilding CXX object CMakeFiles/nav_to_pose.dir/angbao_navigation2/nav_to_pose.cpp.o[0m
[01m[K/home/nvidia/nav2_ws/src/angbao_navigation2/angbao_navigation2/nav_to_pose.cpp:[m[K In member function â€˜[01m[Kvoid NavToPoseClient::sendGoal()[m[Kâ€™:
[01m[K/home/nvidia/nav2_ws/src/angbao_navigation2/angbao_navigation2/nav_to_pose.cpp:39:9:[m[K [01;31m[Kerror: [m[Kno match for â€˜[01m[Koperator=[m[Kâ€™ (operand types are â€˜[01m[Krclcpp_action::Client<nav2_msgs::action::NavigateToPose>::GoalResponseCallback[m[Kâ€™ {aka â€˜[01m[Kstd::function<void(std::shared_future<std::shared_ptr<rclcpp_action::ClientGoalHandle<nav2_msgs::action::NavigateToPose> > >)>[m[Kâ€™} and â€˜[01m[KNavToPoseClient::sendGoal()::<lambda(rclcpp_action::ClientGoalHandle<nav2_msgs::action::NavigateToPose>::SharedPtr)>[m[Kâ€™)
   39 |         [01;31m[K}[m[K;
      |         [01;31m[K^[m[K
In file included from [01m[K/usr/include/c++/9/future:48[m[K,
                 from [01m[K/opt/ros/foxy/include/rclcpp/executors.hpp:18[m[K,
                 from [01m[K/opt/ros/foxy/include/rclcpp/rclcpp.hpp:146[m[K,
                 from [01m[K/home/nvidia/nav2_ws/src/angbao_navigation2/angbao_navigation2/nav_to_pose.cpp:3[m[K:
[01m[K/usr/include/c++/9/bits/std_function.h:462:7:[m[K [01;36m[Knote: [m[Kcandidate: â€˜[01m[Kstd::function<_Res(_ArgTypes ...)>& std::function<_Res(_ArgTypes ...)>::operator=(const std::function<_Res(_ArgTypes ...)>&) [with _Res = void; _ArgTypes = {std::shared_future<std::shared_ptr<rclcpp_action::ClientGoalHandle<nav2_msgs::action::NavigateToPose> > >}][m[Kâ€™
  462 |       [01;36m[Koperator[m[K=(const function& __x)
      |       [01;36m[K^~~~~~~~[m[K
[01m[K/usr/include/c++/9/bits/std_function.h:462:33:[m[K [01;36m[Knote: [m[K  no known conversion for argument 1 from â€˜[01m[KNavToPoseClient::sendGoal()::<lambda(rclcpp_action::ClientGoalHandle<nav2_msgs::action::NavigateToPose>::SharedPtr)>[m[Kâ€™ to â€˜[01m[Kconst std::function<void(std::shared_future<std::shared_ptr<rclcpp_action::ClientGoalHandle<nav2_msgs::action::NavigateToPose> > >)>&[m[Kâ€™
  462 |       operator=([01;36m[Kconst function& __x[m[K)
      |                 [01;36m[K~~~~~~~~~~~~~~~~^~~[m[K
[01m[K/usr/include/c++/9/bits/std_function.h:480:7:[m[K [01;36m[Knote: [m[Kcandidate: â€˜[01m[Kstd::function<_Res(_ArgTypes ...)>& std::function<_Res(_ArgTypes ...)>::operator=(std::function<_Res(_ArgTypes ...)>&&) [with _Res = void; _ArgTypes = {std::shared_future<std::shared_ptr<rclcpp_action::ClientGoalHandle<nav2_msgs::action::NavigateToPose> > >}][m[Kâ€™
  480 |       [01;36m[Koperator[m[K=(function&& __x) noexcept
      |       [01;36m[K^~~~~~~~[m[K
[01m[K/usr/include/c++/9/bits/std_function.h:480:28:[m[K [01;36m[Knote: [m[K  no known conversion for argument 1 from â€˜[01m[KNavToPoseClient::sendGoal()::<lambda(rclcpp_action::ClientGoalHandle<nav2_msgs::action::NavigateToPose>::SharedPtr)>[m[Kâ€™ to â€˜[01m[Kstd::function<void(std::shared_future<std::shared_ptr<rclcpp_action::ClientGoalHandle<nav2_msgs::action::NavigateToPose> > >)>&&[m[Kâ€™
  480 |       operator=([01;36m[Kfunction&& __x[m[K) noexcept
      |                 [01;36m[K~~~~~~~~~~~^~~[m[K
[01m[K/usr/include/c++/9/bits/std_function.h:494:7:[m[K [01;36m[Knote: [m[Kcandidate: â€˜[01m[Kstd::function<_Res(_ArgTypes ...)>& std::function<_Res(_ArgTypes ...)>::operator=(std::nullptr_t) [with _Res = void; _ArgTypes = {std::shared_future<std::shared_ptr<rclcpp_action::ClientGoalHandle<nav2_msgs::action::NavigateToPose> > >}; std::nullptr_t = std::nullptr_t][m[Kâ€™
  494 |       [01;36m[Koperator[m[K=(nullptr_t) noexcept
      |       [01;36m[K^~~~~~~~[m[K
[01m[K/usr/include/c++/9/bits/std_function.h:494:17:[m[K [01;36m[Knote: [m[K  no known conversion for argument 1 from â€˜[01m[KNavToPoseClient::sendGoal()::<lambda(rclcpp_action::ClientGoalHandle<nav2_msgs::action::NavigateToPose>::SharedPtr)>[m[Kâ€™ to â€˜[01m[Kstd::nullptr_t[m[Kâ€™
  494 |       operator=([01;36m[Knullptr_t[m[K) noexcept
      |                 [01;36m[K^~~~~~~~~[m[K
[01m[K/usr/include/c++/9/bits/std_function.h:523:2:[m[K [01;36m[Knote: [m[Kcandidate: â€˜[01m[Ktemplate<class _Functor> std::function<_Res(_ArgTypes ...)>::_Requires<std::function<_Res(_ArgTypes ...)>::_Callable<typename std::decay<_Functor>::type>, std::function<_Res(_ArgTypes ...)>&> std::function<_Res(_ArgTypes ...)>::operator=(_Functor&&) [with _Functor = _Functor; _Res = void; _ArgTypes = {std::shared_future<std::shared_ptr<rclcpp_action::ClientGoalHandle<nav2_msgs::action::NavigateToPose> > >}][m[Kâ€™
  523 |  [01;36m[Koperator[m[K=(_Functor&& __f)
      |  [01;36m[K^~~~~~~~[m[K
[01m[K/usr/include/c++/9/bits/std_function.h:523:2:[m[K [01;36m[Knote: [m[K  template argument deduction/substitution failed:
/usr/include/c++/9/bits/std_function.h: In substitution of â€˜[01m[Ktemplate<class _Res, class ... _ArgTypes> template<class _Cond, class _Tp> using _Requires = typename std::enable_if<_Cond::value, _Tp>::type [with _Cond = std::function<void(std::shared_future<std::shared_ptr<rclcpp_action::ClientGoalHandle<nav2_msgs::action::NavigateToPose> > >)>::_Callable<NavToPoseClient::sendGoal()::<lambda(rclcpp_action::ClientGoalHandle<nav2_msgs::action::NavigateToPose>::SharedPtr)>, std::__invoke_result<NavToPoseClient::sendGoal()::<lambda(rclcpp_action::ClientGoalHandle<nav2_msgs::action::NavigateToPose>::SharedPtr)>&, std::shared_future<std::shared_ptr<rclcpp_action::ClientGoalHandle<nav2_msgs::action::NavigateToPose> > > > >; _Tp = std::function<void(std::shared_future<std::shared_ptr<rclcpp_action::ClientGoalHandle<nav2_msgs::action::NavigateToPose> > >)>&; _Res = void; _ArgTypes = {std::shared_future<std::shared_ptr<rclcpp_action::ClientGoalHandle<nav2_msgs::action::NavigateToPose> > >}][m[Kâ€™:
[01m[K/usr/include/c++/9/bits/std_function.h:523:2:[m[K   required by substitution of â€˜[01m[Ktemplate<class _Functor> std::function<void(std::shared_future<std::shared_ptr<rclcpp_action::ClientGoalHandle<nav2_msgs::action::NavigateToPose> > >)>::_Requires<std::function<void(std::shared_future<std::shared_ptr<rclcpp_action::ClientGoalHandle<nav2_msgs::action::NavigateToPose> > >)>::_Callable<typename std::decay<_Tp>::type, std::__invoke_result<typename std::decay<_Tp>::type&, std::shared_future<std::shared_ptr<rclcpp_action::ClientGoalHandle<nav2_msgs::action::NavigateToPose> > > > >, std::function<void(std::shared_future<std::shared_ptr<rclcpp_action::ClientGoalHandle<nav2_msgs::action::NavigateToPose> > >)>&> std::function<void(std::shared_future<std::shared_ptr<rclcpp_action::ClientGoalHandle<nav2_msgs::action::NavigateToPose> > >)>::operator=<_Functor>(_Functor&&) [with _Functor = NavToPoseClient::sendGoal()::<lambda(rclcpp_action::ClientGoalHandle<nav2_msgs::action::NavigateToPose>::SharedPtr)>][m[Kâ€™
[01m[K/home/nvidia/nav2_ws/src/angbao_navigation2/angbao_navigation2/nav_to_pose.cpp:39:9:[m[K   required from here
[01m[K/usr/include/c++/9/bits/std_function.h:385:8:[m[K [01;31m[Kerror: [m[Kno type named â€˜[01m[Ktype[m[Kâ€™ in â€˜[01m[Kstruct std::enable_if<false, std::function<void(std::shared_future<std::shared_ptr<rclcpp_action::ClientGoalHandle<nav2_msgs::action::NavigateToPose> > >)>&>[m[Kâ€™
  385 |  using [01;31m[K_Requires[m[K = typename enable_if<_Cond::value, _Tp>::type;
      |        [01;31m[K^~~~~~~~~[m[K
[01m[K/usr/include/c++/9/bits/std_function.h:532:2:[m[K [01;36m[Knote: [m[Kcandidate: â€˜[01m[Ktemplate<class _Functor> std::function<_Res(_ArgTypes ...)>& std::function<_Res(_ArgTypes ...)>::operator=(std::reference_wrapper<_Functor>) [with _Functor = _Functor; _Res = void; _ArgTypes = {std::shared_future<std::shared_ptr<rclcpp_action::ClientGoalHandle<nav2_msgs::action::NavigateToPose> > >}][m[Kâ€™
  532 |  [01;36m[Koperator[m[K=(reference_wrapper<_Functor> __f) noexcept
      |  [01;36m[K^~~~~~~~[m[K
[01m[K/usr/include/c++/9/bits/std_function.h:532:2:[m[K [01;36m[Knote: [m[K  template argument deduction/substitution failed:
[01m[K/home/nvidia/nav2_ws/src/angbao_navigation2/angbao_navigation2/nav_to_pose.cpp:39:9:[m[K [01;36m[Knote: [m[K  â€˜[01m[KNavToPoseClient::sendGoal()::<lambda(rclcpp_action::ClientGoalHandle<nav2_msgs::action::NavigateToPose>::SharedPtr)>[m[Kâ€™ is not derived from â€˜[01m[Kstd::reference_wrapper<_Tp>[m[Kâ€™
   39 |         [01;36m[K}[m[K;
      |         [01;36m[K^[m[K
make[2]: *** [CMakeFiles/nav_to_pose.dir/build.make:63: CMakeFiles/nav_to_pose.dir/angbao_navigation2/nav_to_pose.cpp.o] Error 1
make[1]: *** [CMakeFiles/Makefile2:105: CMakeFiles/nav_to_pose.dir/all] Error 2
make: *** [Makefile:141: all] Error 2
