[0.542s] Invoking command in '/home/nvidia/nav2_ws/build/angbao_navigation2': CMAKE_PREFIX_PATH=/home/nvidia/nav2_ws/install/angbao_navigation2:/home/nvidia/bt_ws/install/dwb_msgs:/home/nvidia/bt_ws/install/nav_2d_msgs:/home/nvidia/bt_ws/install/nav2_common:/home/nvidia/bt_ws/install/my_behavior_tree_ros2:/home/nvidia/bt_ws/install/behaviortree_cpp:/opt/ros/foxy:/opt/ros/noetic CONDA_PROMPT_MODIFIER=(base) /usr/bin/cmake --build /home/nvidia/nav2_ws/build/angbao_navigation2 -- -j8 -l8
[0.587s] -- Found ament_cmake: 0.9.12 (/opt/ros/foxy/share/ament_cmake/cmake)
[0.629s] -- Using PYTHON_EXECUTABLE: /home/nvidia/miniconda3/bin/python3
[1.024s] -- Found rclcpp: 2.4.3 (/opt/ros/foxy/share/rclcpp/cmake)
[1.097s] -- Using all available rosidl_typesupport_c: rosidl_typesupport_fastrtps_c;rosidl_typesupport_introspection_c
[1.108s] -- Found rosidl_adapter: 1.3.1 (/opt/ros/foxy/share/rosidl_adapter/cmake)
[1.295s] -- Found OpenSSL: /usr/lib/aarch64-linux-gnu/libcrypto.so (found version "1.1.1f")  
[1.345s] -- Found FastRTPS: /opt/ros/foxy/include  
[1.469s] -- Using all available rosidl_typesupport_cpp: rosidl_typesupport_fastrtps_cpp;rosidl_typesupport_introspection_cpp
[1.550s] -- Found rmw_implementation_cmake: 1.0.4 (/opt/ros/foxy/share/rmw_implementation_cmake/cmake)
[1.552s] -- Using RMW implementation 'rmw_fastrtps_cpp' as default
[1.554s] -- Looking for pthread.h
[1.681s] -- Looking for pthread.h - found
[1.682s] -- Performing Test CMAKE_HAVE_LIBC_PTHREAD
[1.812s] -- Performing Test CMAKE_HAVE_LIBC_PTHREAD - Failed
[1.813s] -- Looking for pthread_create in pthreads
[1.937s] -- Looking for pthread_create in pthreads - not found
[1.937s] -- Looking for pthread_create in pthread
[2.075s] -- Looking for pthread_create in pthread - found
[2.076s] -- Found Threads: TRUE  
[2.307s] -- Found rclcpp_action: 2.4.3 (/opt/ros/foxy/share/rclcpp_action/cmake)
[2.413s] -- Found nav2_msgs: 0.4.7 (/opt/ros/foxy/share/nav2_msgs/cmake)
[2.871s] -- Found nav2_bringup: 0.4.7 (/opt/ros/foxy/share/nav2_bringup/cmake)
[2.872s] -- Found ament_lint_auto: 0.9.8 (/opt/ros/foxy/share/ament_lint_auto/cmake)
[3.033s] -- Added test 'copyright' to check source files copyright and LICENSE
[3.035s] -- Added test 'cppcheck' to perform static code analysis on C / C++ code
[3.035s] -- Configured cppcheck include dirs: 
[3.036s] -- Configured cppcheck exclude dirs and/or files: 
[3.037s] -- Added test 'cpplint' to check C / C++ code against the Google style
[3.037s] -- Configured cpplint exclude dirs and/or files: 
[3.037s] -- Added test 'flake8' to check Python code syntax and style conventions
[3.038s] -- Added test 'lint_cmake' to check CMake code style
[3.039s] -- Added test 'pep257' to check Python code against some of the style conventions in PEP 257
[3.040s] -- Added test 'uncrustify' to check C / C++ code style
[3.041s] -- Configured uncrustify additional arguments: 
[3.041s] -- Added test 'xmllint' to check XML markup files
[3.046s] -- Configuring done
[3.061s] -- Generating done
[3.064s] -- Build files have been written to: /home/nvidia/nav2_ws/build/angbao_navigation2
[3.120s] [35m[1mScanning dependencies of target nav_to_pose[0m
[3.246s] [ 50%] [32mBuilding CXX object CMakeFiles/nav_to_pose.dir/angbao_navigation2/nav_to_pose.cpp.o[0m
[5.565s] [01m[K/home/nvidia/nav2_ws/src/angbao_navigation2/angbao_navigation2/nav_to_pose.cpp:[m[K In member function â€˜[01m[Kvoid NavToPoseClient::sendGoal()[m[Kâ€™:
[5.565s] [01m[K/home/nvidia/nav2_ws/src/angbao_navigation2/angbao_navigation2/nav_to_pose.cpp:39:9:[m[K [01;31m[Kerror: [m[Kno match for â€˜[01m[Koperator=[m[Kâ€™ (operand types are â€˜[01m[Krclcpp_action::Client<nav2_msgs::action::NavigateToPose>::GoalResponseCallback[m[Kâ€™ {aka â€˜[01m[Kstd::function<void(std::shared_future<std::shared_ptr<rclcpp_action::ClientGoalHandle<nav2_msgs::action::NavigateToPose> > >)>[m[Kâ€™} and â€˜[01m[KNavToPoseClient::sendGoal()::<lambda(rclcpp_action::ClientGoalHandle<nav2_msgs::action::NavigateToPose>::SharedPtr)>[m[Kâ€™)
[5.566s]    39 |         [01;31m[K}[m[K;
[5.566s]       |         [01;31m[K^[m[K
[5.566s] In file included from [01m[K/usr/include/c++/9/future:48[m[K,
[5.566s]                  from [01m[K/opt/ros/foxy/include/rclcpp/executors.hpp:18[m[K,
[5.566s]                  from [01m[K/opt/ros/foxy/include/rclcpp/rclcpp.hpp:146[m[K,
[5.566s]                  from [01m[K/home/nvidia/nav2_ws/src/angbao_navigation2/angbao_navigation2/nav_to_pose.cpp:3[m[K:
[5.566s] [01m[K/usr/include/c++/9/bits/std_function.h:462:7:[m[K [01;36m[Knote: [m[Kcandidate: â€˜[01m[Kstd::function<_Res(_ArgTypes ...)>& std::function<_Res(_ArgTypes ...)>::operator=(const std::function<_Res(_ArgTypes ...)>&) [with _Res = void; _ArgTypes = {std::shared_future<std::shared_ptr<rclcpp_action::ClientGoalHandle<nav2_msgs::action::NavigateToPose> > >}][m[Kâ€™
[5.566s]   462 |       [01;36m[Koperator[m[K=(const function& __x)
[5.566s]       |       [01;36m[K^~~~~~~~[m[K
[5.567s] [01m[K/usr/include/c++/9/bits/std_function.h:462:33:[m[K [01;36m[Knote: [m[K  no known conversion for argument 1 from â€˜[01m[KNavToPoseClient::sendGoal()::<lambda(rclcpp_action::ClientGoalHandle<nav2_msgs::action::NavigateToPose>::SharedPtr)>[m[Kâ€™ to â€˜[01m[Kconst std::function<void(std::shared_future<std::shared_ptr<rclcpp_action::ClientGoalHandle<nav2_msgs::action::NavigateToPose> > >)>&[m[Kâ€™
[5.567s]   462 |       operator=([01;36m[Kconst function& __x[m[K)
[5.567s]       |                 [01;36m[K~~~~~~~~~~~~~~~~^~~[m[K
[5.567s] [01m[K/usr/include/c++/9/bits/std_function.h:480:7:[m[K [01;36m[Knote: [m[Kcandidate: â€˜[01m[Kstd::function<_Res(_ArgTypes ...)>& std::function<_Res(_ArgTypes ...)>::operator=(std::function<_Res(_ArgTypes ...)>&&) [with _Res = void; _ArgTypes = {std::shared_future<std::shared_ptr<rclcpp_action::ClientGoalHandle<nav2_msgs::action::NavigateToPose> > >}][m[Kâ€™
[5.567s]   480 |       [01;36m[Koperator[m[K=(function&& __x) noexcept
[5.567s]       |       [01;36m[K^~~~~~~~[m[K
[5.567s] [01m[K/usr/include/c++/9/bits/std_function.h:480:28:[m[K [01;36m[Knote: [m[K  no known conversion for argument 1 from â€˜[01m[KNavToPoseClient::sendGoal()::<lambda(rclcpp_action::ClientGoalHandle<nav2_msgs::action::NavigateToPose>::SharedPtr)>[m[Kâ€™ to â€˜[01m[Kstd::function<void(std::shared_future<std::shared_ptr<rclcpp_action::ClientGoalHandle<nav2_msgs::action::NavigateToPose> > >)>&&[m[Kâ€™
[5.567s]   480 |       operator=([01;36m[Kfunction&& __x[m[K) noexcept
[5.567s]       |                 [01;36m[K~~~~~~~~~~~^~~[m[K
[5.567s] [01m[K/usr/include/c++/9/bits/std_function.h:494:7:[m[K [01;36m[Knote: [m[Kcandidate: â€˜[01m[Kstd::function<_Res(_ArgTypes ...)>& std::function<_Res(_ArgTypes ...)>::operator=(std::nullptr_t) [with _Res = void; _ArgTypes = {std::shared_future<std::shared_ptr<rclcpp_action::ClientGoalHandle<nav2_msgs::action::NavigateToPose> > >}; std::nullptr_t = std::nullptr_t][m[Kâ€™
[5.568s]   494 |       [01;36m[Koperator[m[K=(nullptr_t) noexcept
[5.568s]       |       [01;36m[K^~~~~~~~[m[K
[5.568s] [01m[K/usr/include/c++/9/bits/std_function.h:494:17:[m[K [01;36m[Knote: [m[K  no known conversion for argument 1 from â€˜[01m[KNavToPoseClient::sendGoal()::<lambda(rclcpp_action::ClientGoalHandle<nav2_msgs::action::NavigateToPose>::SharedPtr)>[m[Kâ€™ to â€˜[01m[Kstd::nullptr_t[m[Kâ€™
[5.568s]   494 |       operator=([01;36m[Knullptr_t[m[K) noexcept
[5.568s]       |                 [01;36m[K^~~~~~~~~[m[K
[5.568s] [01m[K/usr/include/c++/9/bits/std_function.h:523:2:[m[K [01;36m[Knote: [m[Kcandidate: â€˜[01m[Ktemplate<class _Functor> std::function<_Res(_ArgTypes ...)>::_Requires<std::function<_Res(_ArgTypes ...)>::_Callable<typename std::decay<_Functor>::type>, std::function<_Res(_ArgTypes ...)>&> std::function<_Res(_ArgTypes ...)>::operator=(_Functor&&) [with _Functor = _Functor; _Res = void; _ArgTypes = {std::shared_future<std::shared_ptr<rclcpp_action::ClientGoalHandle<nav2_msgs::action::NavigateToPose> > >}][m[Kâ€™
[5.568s]   523 |  [01;36m[Koperator[m[K=(_Functor&& __f)
[5.568s]       |  [01;36m[K^~~~~~~~[m[K
[5.568s] [01m[K/usr/include/c++/9/bits/std_function.h:523:2:[m[K [01;36m[Knote: [m[K  template argument deduction/substitution failed:
[5.568s] /usr/include/c++/9/bits/std_function.h: In substitution of â€˜[01m[Ktemplate<class _Res, class ... _ArgTypes> template<class _Cond, class _Tp> using _Requires = typename std::enable_if<_Cond::value, _Tp>::type [with _Cond = std::function<void(std::shared_future<std::shared_ptr<rclcpp_action::ClientGoalHandle<nav2_msgs::action::NavigateToPose> > >)>::_Callable<NavToPoseClient::sendGoal()::<lambda(rclcpp_action::ClientGoalHandle<nav2_msgs::action::NavigateToPose>::SharedPtr)>, std::__invoke_result<NavToPoseClient::sendGoal()::<lambda(rclcpp_action::ClientGoalHandle<nav2_msgs::action::NavigateToPose>::SharedPtr)>&, std::shared_future<std::shared_ptr<rclcpp_action::ClientGoalHandle<nav2_msgs::action::NavigateToPose> > > > >; _Tp = std::function<void(std::shared_future<std::shared_ptr<rclcpp_action::ClientGoalHandle<nav2_msgs::action::NavigateToPose> > >)>&; _Res = void; _ArgTypes = {std::shared_future<std::shared_ptr<rclcpp_action::ClientGoalHandle<nav2_msgs::action::NavigateToPose> > >}][m[Kâ€™:
[5.569s] [01m[K/usr/include/c++/9/bits/std_function.h:523:2:[m[K   required by substitution of â€˜[01m[Ktemplate<class _Functor> std::function<void(std::shared_future<std::shared_ptr<rclcpp_action::ClientGoalHandle<nav2_msgs::action::NavigateToPose> > >)>::_Requires<std::function<void(std::shared_future<std::shared_ptr<rclcpp_action::ClientGoalHandle<nav2_msgs::action::NavigateToPose> > >)>::_Callable<typename std::decay<_Tp>::type, std::__invoke_result<typename std::decay<_Tp>::type&, std::shared_future<std::shared_ptr<rclcpp_action::ClientGoalHandle<nav2_msgs::action::NavigateToPose> > > > >, std::function<void(std::shared_future<std::shared_ptr<rclcpp_action::ClientGoalHandle<nav2_msgs::action::NavigateToPose> > >)>&> std::function<void(std::shared_future<std::shared_ptr<rclcpp_action::ClientGoalHandle<nav2_msgs::action::NavigateToPose> > >)>::operator=<_Functor>(_Functor&&) [with _Functor = NavToPoseClient::sendGoal()::<lambda(rclcpp_action::ClientGoalHandle<nav2_msgs::action::NavigateToPose>::SharedPtr)>][m[Kâ€™
[5.569s] [01m[K/home/nvidia/nav2_ws/src/angbao_navigation2/angbao_navigation2/nav_to_pose.cpp:39:9:[m[K   required from here
[5.569s] [01m[K/usr/include/c++/9/bits/std_function.h:385:8:[m[K [01;31m[Kerror: [m[Kno type named â€˜[01m[Ktype[m[Kâ€™ in â€˜[01m[Kstruct std::enable_if<false, std::function<void(std::shared_future<std::shared_ptr<rclcpp_action::ClientGoalHandle<nav2_msgs::action::NavigateToPose> > >)>&>[m[Kâ€™
[5.569s]   385 |  using [01;31m[K_Requires[m[K = typename enable_if<_Cond::value, _Tp>::type;
[5.569s]       |        [01;31m[K^~~~~~~~~[m[K
[5.569s] [01m[K/usr/include/c++/9/bits/std_function.h:532:2:[m[K [01;36m[Knote: [m[Kcandidate: â€˜[01m[Ktemplate<class _Functor> std::function<_Res(_ArgTypes ...)>& std::function<_Res(_ArgTypes ...)>::operator=(std::reference_wrapper<_Functor>) [with _Functor = _Functor; _Res = void; _ArgTypes = {std::shared_future<std::shared_ptr<rclcpp_action::ClientGoalHandle<nav2_msgs::action::NavigateToPose> > >}][m[Kâ€™
[5.569s]   532 |  [01;36m[Koperator[m[K=(reference_wrapper<_Functor> __f) noexcept
[5.569s]       |  [01;36m[K^~~~~~~~[m[K
[5.569s] [01m[K/usr/include/c++/9/bits/std_function.h:532:2:[m[K [01;36m[Knote: [m[K  template argument deduction/substitution failed:
[5.569s] [01m[K/home/nvidia/nav2_ws/src/angbao_navigation2/angbao_navigation2/nav_to_pose.cpp:39:9:[m[K [01;36m[Knote: [m[K  â€˜[01m[KNavToPoseClient::sendGoal()::<lambda(rclcpp_action::ClientGoalHandle<nav2_msgs::action::NavigateToPose>::SharedPtr)>[m[Kâ€™ is not derived from â€˜[01m[Kstd::reference_wrapper<_Tp>[m[Kâ€™
[5.569s]    39 |         [01;36m[K}[m[K;
[5.570s]       |         [01;36m[K^[m[K
[7.220s] make[2]: *** [CMakeFiles/nav_to_pose.dir/build.make:63: CMakeFiles/nav_to_pose.dir/angbao_navigation2/nav_to_pose.cpp.o] Error 1
[7.221s] make[1]: *** [CMakeFiles/Makefile2:105: CMakeFiles/nav_to_pose.dir/all] Error 2
[7.221s] make: *** [Makefile:141: all] Error 2
[7.225s] Invoked command in '/home/nvidia/nav2_ws/build/angbao_navigation2' returned '2': CMAKE_PREFIX_PATH=/home/nvidia/nav2_ws/install/angbao_navigation2:/home/nvidia/bt_ws/install/dwb_msgs:/home/nvidia/bt_ws/install/nav_2d_msgs:/home/nvidia/bt_ws/install/nav2_common:/home/nvidia/bt_ws/install/my_behavior_tree_ros2:/home/nvidia/bt_ws/install/behaviortree_cpp:/opt/ros/foxy:/opt/ros/noetic CONDA_PROMPT_MODIFIER=(base) /usr/bin/cmake --build /home/nvidia/nav2_ws/build/angbao_navigation2 -- -j8 -l8
